<?xml version="1.0" encoding="UTF-8"?>
<!-- Generated by org.testng.reporters.JUnitReportReporter -->
<testsuite skipped="0" hostname="LAPTOP-67GL51PH" name="testCI.TestingCI" tests="2" failures="0" timestamp="17 Oct 2017 07:45:21 GMT" time="0.916" errors="0">
  <testcase name="Test2" time="0.003" classname="testCI.TestingCI"/>
  <testcase name="testValidSearch" time="0.913" classname="testCI.TestingCI"/>
</testsuite> <!-- testCI.TestingCI -->
